[6e28d6a] Eclipse MicroProfile bot 2024-08-05 16:14:54 +0000 [maven-release-plugin] prepare for next development iteration
2	2	pom.xml
1	1	spec/pom.xml

[642a3ac] Eclipse MicroProfile bot 2024-08-05 16:14:52 +0000 [maven-release-plugin] prepare release 7.0
2	2	pom.xml
1	1	spec/pom.xml

[15e7b10] Eclipse MicroProfile bot 2024-07-19 22:39:13 +0000 [maven-release-plugin] prepare for next development iteration
2	2	pom.xml
1	1	spec/pom.xml

[1bddf98] Eclipse MicroProfile bot 2024-07-19 22:39:11 +0000 [maven-release-plugin] prepare release 7.0
2	2	pom.xml
1	1	spec/pom.xml

[bc73116] Emily Jiang 2024-07-19 23:35:23 +0100 Revert "tidy up plugins'" (#459)
18	8	pom.xml

[92773b1] Eclipse MicroProfile bot 2024-07-19 22:04:26 +0000 [maven-release-plugin] prepare for next development iteration
2	2	pom.xml
1	1	spec/pom.xml

[4d92f79] Eclipse MicroProfile bot 2024-07-19 22:04:24 +0000 [maven-release-plugin] prepare release 7.0
2	2	pom.xml
1	1	spec/pom.xml

[6accaae] Eclipse MicroProfile bot 2024-07-19 19:53:14 +0000 [maven-release-plugin] prepare for next development iteration
2	2	pom.xml
1	1	spec/pom.xml

[a246d21] Eclipse MicroProfile bot 2024-07-19 19:53:12 +0000 [maven-release-plugin] prepare release 7.0
2	2	pom.xml
1	1	spec/pom.xml

[3a8dd71] Emily Jiang 2024-07-19 20:49:16 +0100 tidy up plugins(#458)
8	18	pom.xml

[491ae83] Eclipse MicroProfile bot 2024-07-19 18:25:08 +0000 [maven-release-plugin] prepare for next development iteration
2	2	pom.xml
1	1	spec/pom.xml

[ec5ae68] Eclipse MicroProfile bot 2024-07-19 18:25:06 +0000 [maven-release-plugin] prepare release 7.0
2	2	pom.xml
1	1	spec/pom.xml

[5d6a4c1] Eclipse MicroProfile bot 2024-07-19 18:10:16 +0000 [maven-release-plugin] prepare for next development iteration
2	2	pom.xml
1	1	spec/pom.xml

[92dbc86] Eclipse MicroProfile bot 2024-07-19 18:10:14 +0000 [maven-release-plugin] prepare release 7.0
2	2	pom.xml
1	1	spec/pom.xml

[e44d192] Emily Jiang 2024-07-19 18:24:15 +0100 Update plugin versions (#455)
14	8	pom.xml

[69fd211] Eclipse MicroProfile bot 2024-07-16 20:58:30 +0000 [maven-release-plugin] prepare for next development iteration
2	2	pom.xml
1	1	spec/pom.xml

[cb17508] Eclipse MicroProfile bot 2024-07-16 20:58:28 +0000 [maven-release-plugin] prepare release 7.0-RC1
2	2	pom.xml
1	1	spec/pom.xml

[9d52213] Emily Jiang 2024-07-16 21:54:46 +0100 Revert "[maven-release-plugin] prepare release 7.0-RC1" (#448)
2	2	pom.xml
1	1	spec/pom.xml

[d52e274] Eclipse MicroProfile bot 2024-07-16 17:40:30 +0000 [maven-release-plugin] prepare release 7.0-RC1
2	2	pom.xml
1	1	spec/pom.xml

[a07772f] Emily Jiang 2024-07-16 18:37:06 +0100 update plugin versions (#447)
1	1	pom.xml

[c9f276d] Eclipse MicroProfile bot 2024-07-16 10:09:05 +0000 [maven-release-plugin] prepare for next development iteration
2	2	pom.xml
1	1	spec/pom.xml

[1875916] Eclipse MicroProfile bot 2024-07-16 10:09:03 +0000 [maven-release-plugin] prepare release 7.0-RC1
2	2	pom.xml
1	1	spec/pom.xml

[1934237] Emily Jiang 2024-07-16 08:39:47 +0100 Update to release MP 7.0 (#445)
1	0	.gitignore
42	6	spec/pom.xml
34	1	spec/src/main/asciidoc/architecture.adoc
12	48	spec/src/main/asciidoc/license-efsl.adoc
21	31	spec/src/main/asciidoc/required-apis.adoc

[175dac9] Andrew Rouse 2024-07-04 09:35:01 +0100 Use latest MP 7.0 RC specs (#444)
19	7	pom.xml
2	2	spec/pom.xml

[730e56d] Eclipse MicroProfile bot 2024-06-20 15:33:40 +0000 [maven-release-plugin] prepare for next development iteration
2	2	pom.xml
1	1	spec/pom.xml

[d189e1d] Eclipse MicroProfile bot 2024-06-20 15:33:38 +0000 [maven-release-plugin] prepare release 6.1.1-RC1
2	2	pom.xml
1	1	spec/pom.xml

[cecf98a] Emily Jiang 2024-06-20 17:30:26 +0200 Revert "[maven-release-plugin] prepare release 6.1.1-RC1" (#441)
2	2	pom.xml
1	1	spec/pom.xml

[f927582] Eclipse MicroProfile bot 2024-06-20 10:41:12 +0000 [maven-release-plugin] prepare release 6.1.1-RC1
2	2	pom.xml
1	1	spec/pom.xml

[8b6067e] Eclipse MicroProfile bot 2024-06-19 12:29:28 +0000 [maven-release-plugin] prepare for next development iteration
2	2	pom.xml
1	1	spec/pom.xml

[45fc680] Eclipse MicroProfile bot 2024-06-19 12:29:21 +0000 [maven-release-plugin] prepare release 6.1.1-RC1
2	2	pom.xml
1	1	spec/pom.xml

[c8519db] Andrew Rouse 2024-02-12 14:27:26 +0000 Merge pull request #407 from jakub-pomykala/main
[1c03974] jakub-pomykala 2024-02-09 12:56:51 +0000 Update broken architecture.adoc link
1	1	README.adoc

[235812d] Eclipse MicroProfile bot 2023-09-22 16:38:21 +0000 [maven-release-plugin] prepare for next development iteration
2	2	pom.xml
1	1	spec/pom.xml

[31da94b] Eclipse MicroProfile bot 2023-09-22 16:38:19 +0000 [maven-release-plugin] prepare release 6.1
2	2	pom.xml
1	1	spec/pom.xml

[ad2e89f] Emily Jiang 2023-09-22 17:24:26 +0100 Update the heading (#379)
3	3	spec/src/main/asciidoc/required-apis.adoc

[5525961] Eclipse MicroProfile bot 2023-09-22 10:29:36 +0000 [maven-release-plugin] prepare for next development iteration
2	2	pom.xml
1	1	spec/pom.xml

[6fd1404] Eclipse MicroProfile bot 2023-09-22 10:29:34 +0000 [maven-release-plugin] prepare release 6.1
2	2	pom.xml
1	1	spec/pom.xml

[30a6e6d] Emily Jiang 2023-09-21 22:57:07 +0100 Prepare for MP 6.1 final release (#377)
4	4	pom.xml
10	10	spec/src/main/asciidoc/architecture.adoc
5	5	spec/src/main/asciidoc/required-apis.adoc

[b4175ab] JanWesterkamp-iJUG 2023-09-21 00:18:58 +0200 AsciiDoctor Maven Plugin dependency versions updated (#375)
4	4	spec/pom.xml

[63a0e90] Eclipse MicroProfile bot 2023-09-05 16:57:11 +0000 [maven-release-plugin] prepare for next development iteration
2	2	pom.xml
1	1	spec/pom.xml

[0c83f70] Eclipse MicroProfile bot 2023-09-05 16:57:08 +0000 [maven-release-plugin] prepare release 6.1-RC1
2	2	pom.xml
1	1	spec/pom.xml

[956c171] Emily Jiang 2023-09-05 17:52:39 +0100 Prepare for the MP 6.1 release (#368)
3	3	pom.xml
35	0	spec/src/main/asciidoc/architecture.adoc
5	5	spec/src/main/asciidoc/required-apis.adoc

[83f17dc] JanWesterkamp-iJUG 2023-08-29 16:45:40 +0200 Asciidoctor Maven Plugin and dependency versions updated (#344)
6	6	spec/pom.xml

[a8a2746] Emily Jiang 2023-05-31 16:16:05 +0300 Update the template for certification to add the right label (#342)
2	2	.github/ISSUE_TEMPLATE/01-compatible-certification-request.md

[9f668e6] JanWesterkamp-iJUG 2023-05-11 00:02:57 +0200 Mp 6 security issue (#316)
6	6	spec/pom.xml

[1730fb3] Eclipse MicroProfile bot 2022-12-13 22:57:00 +0000 [maven-release-plugin] prepare for next development iteration
2	2	pom.xml
1	1	spec/pom.xml

[d9cbcb2] Eclipse MicroProfile bot 2022-12-13 22:56:58 +0000 [maven-release-plugin] prepare release 6.0
2	2	pom.xml
1	1	spec/pom.xml

[c5eefbd] Eclipse MicroProfile bot 2022-12-13 22:46:21 +0000 [maven-release-plugin] prepare for next development iteration
2	2	pom.xml
1	1	spec/pom.xml

[f27975d] Eclipse MicroProfile bot 2022-12-13 22:46:19 +0000 [maven-release-plugin] prepare release 6.0-RC4
2	2	pom.xml
4	4	spec/pom.xml

[95bbad5] JanWesterkamp-iJUG 2022-12-13 23:40:39 +0100 Mp 6 additional issues (#300)
13	0	.asciidoctorconfig.adoc
81	23	spec/pom.xml
0	0	spec/src/main/asciidoc/{architecture.asciidoc => architecture.adoc}
-	-	spec/src/main/asciidoc/{images => image}/MP-logo-w-tagline.png
4	4	spec/src/main/asciidoc/{microprofile-spec.asciidoc => microprofile-spec.adoc}
0	0	spec/src/main/asciidoc/{notices.asciidoc => notices.adoc}
0	0	spec/src/main/asciidoc/{required-apis.asciidoc => required-apis.adoc}

[9fec2d3] JanWesterkamp-iJUG 2022-12-13 15:43:06 +0100 MP 6 Issues PR (#298)
1	1	CONTRIBUTING.adoc
1	1	CONTRIBUTING_es.adoc
1	1	NOTICE
3	3	README.adoc
12	11	faq.adoc
16	22	how-to-pr.adoc
4	4	pom.xml
1	1	site.yaml
1	1	spec/NOTICE
3	2	spec/pom.xml
150	150	spec/src/main/asciidoc/architecture.asciidoc
2	2	spec/src/main/asciidoc/microprofile-spec.asciidoc
3	3	spec/src/main/asciidoc/notices.asciidoc
31	31	spec/src/main/asciidoc/required-apis.asciidoc
1	1	spec/src/main/resources/META-INF/NOTICE

[4edb7df] Eclipse MicroProfile bot 2022-11-10 11:15:26 +0000 [maven-release-plugin] prepare for next development iteration
2	2	pom.xml
1	1	spec/pom.xml

[a6a9f65] Eclipse MicroProfile bot 2022-11-10 11:15:24 +0000 [maven-release-plugin] prepare release 6.0
2	2	pom.xml
1	1	spec/pom.xml

[9c1dd53] Emily Jiang 2022-11-09 18:46:33 +0000 Final tidyup for MP 6.0 release (#282)
6	26	pom.xml
2	2	spec/src/main/asciidoc/architecture.asciidoc
2	2	spec/src/main/asciidoc/required-apis.asciidoc

[59d68a9] Eclipse MicroProfile bot 2022-11-05 22:24:51 +0000 [maven-release-plugin] prepare for next development iteration
2	2	pom.xml
1	1	spec/pom.xml

[6af8b92] Eclipse MicroProfile bot 2022-11-05 22:24:49 +0000 [maven-release-plugin] prepare release 6.0-RC3
2	2	pom.xml
1	1	spec/pom.xml

[95487c3] Emily Jiang 2022-11-05 22:18:18 +0000 Use a better to avoid confusion (#281)
1	1	spec/src/main/asciidoc/architecture.asciidoc

[1295e88] Eclipse MicroProfile bot 2022-11-04 12:41:10 +0000 [maven-release-plugin] prepare for next development iteration
2	2	pom.xml
1	1	spec/pom.xml

[3442208] Eclipse MicroProfile bot 2022-11-04 12:41:08 +0000 [maven-release-plugin] prepare release 6.0-RC2
2	2	pom.xml
1	1	spec/pom.xml

[84be44a] Emily Jiang 2022-11-04 12:35:34 +0000 minor update and fixed some errors (#279)
12	15	spec/src/main/asciidoc/architecture.asciidoc

[177f1e8] Eclipse MicroProfile bot 2022-10-31 18:22:19 +0000 [maven-release-plugin] prepare for next development iteration
2	2	pom.xml
1	1	spec/pom.xml

[7923905] Eclipse MicroProfile bot 2022-10-31 18:22:17 +0000 [maven-release-plugin] prepare release 6.0-RC1
2	2	pom.xml
1	1	spec/pom.xml

[ce9ad44] John Clingan 2022-10-31 11:15:42 -0700 MicroProfile 6.0 RC1 Update (#276)
3	3	README.adoc
33	62	pom.xml
2	2	spec/pom.xml
54	7	spec/src/main/asciidoc/architecture.asciidoc
41	74	spec/src/main/asciidoc/required-apis.asciidoc

[50aab8b] Emily Jiang 2022-06-10 15:37:34 +0100 add CCR template (#258)
27	0	.github/ISSUE_TEMPLATE/01-compatible-certification-request.md

[d8807a9] Edwin Derks 2022-01-13 12:53:15 +0100 Update and fix documentation (#242)
2	2	README.adoc
16	20	spec/src/main/asciidoc/architecture.asciidoc
1	2	spec/src/main/asciidoc/required-apis.asciidoc

[9582f00] Amelia Eiras 2021-12-13 11:41:46 -0800 Merge pull request #238 from emecas/contributing_es
[c315e2d] Emerson Castaneda 2021-12-09 14:58:24 -0500 Add links connecting CONTRIBUTING pages versions
6	7	CONTRIBUTING.adoc
7	7	CONTRIBUTING_es.adoc

[b5b65a3] Emerson Castaneda 2021-12-09 14:31:46 -0500 Add links interconnectiong CONTRIBUTING pages
7	0	CONTRIBUTING.adoc
7	1	CONTRIBUTING_es.adoc

[be2f1ac] Amelia Eiras 2021-12-08 09:30:34 -0800 Merge pull request #237 from emecas/contributing_es
[c48c27f] Emerson Castaneda 2021-12-07 17:25:08 -0500 Add Spanish version of CONTRIBUTING.adoc file
47	0	CONTRIBUTING_es.adoc

[3aa2ed8] Eclipse MicroProfile bot 2021-11-30 13:42:11 +0000 [maven-release-plugin] prepare for next development iteration
2	2	pom.xml
1	1	spec/pom.xml

[4dbd3f5] Eclipse MicroProfile bot 2021-11-30 13:42:10 +0000 [maven-release-plugin] prepare release 5.0
2	2	pom.xml
1	1	spec/pom.xml

[07aa638] Eclipse MicroProfile bot 2021-11-30 13:30:07 +0000 [maven-release-plugin] prepare for next development iteration
2	2	pom.xml
1	1	spec/pom.xml

[a21d442] Eclipse MicroProfile bot 2021-11-30 13:30:01 +0000 [maven-release-plugin] prepare release 5.0
2	2	pom.xml
1	1	spec/pom.xml

[574b4e4] Eclipse MicroProfile bot 2021-11-30 13:16:15 +0000 [maven-release-plugin] prepare for next development iteration
2	2	pom.xml
1	1	spec/pom.xml

[f6b75e4] Eclipse MicroProfile bot 2021-11-30 13:16:12 +0000 [maven-release-plugin] prepare release 5.0
2	2	pom.xml
1	1	spec/pom.xml

[0df9add] Eclipse MicroProfile bot 2021-11-22 17:33:30 +0000 [maven-release-plugin] prepare for next development iteration
2	2	pom.xml
1	1	spec/pom.xml

[0727cc9] Eclipse MicroProfile bot 2021-11-22 17:33:28 +0000 [maven-release-plugin] prepare release 5.0
2	2	pom.xml
1	1	spec/pom.xml

[e76491b] Eclipse MicroProfile bot 2021-11-22 16:54:30 +0000 [maven-release-plugin] prepare for next development iteration
2	2	pom.xml
1	1	spec/pom.xml

[855a9fb] Eclipse MicroProfile bot 2021-11-22 16:54:28 +0000 [maven-release-plugin] prepare release 5.0
2	2	pom.xml
1	1	spec/pom.xml

[9aca49c] Emily Jiang 2021-11-22 16:50:35 +0000 Update spec doc for 5.0 release (#235)
2	1	spec/src/main/asciidoc/architecture.asciidoc

[9a0178d] Eclipse MicroProfile bot 2021-11-22 06:13:57 +0000 [maven-release-plugin] prepare for next development iteration
2	2	pom.xml
1	1	spec/pom.xml

[477ac8b] Eclipse MicroProfile bot 2021-11-22 06:13:55 +0000 [maven-release-plugin] prepare release 5.0
2	2	pom.xml
1	1	spec/pom.xml

[d297a99] Edwin Derks 2021-11-22 06:25:41 +0100 Updates for final release of MP 5.0 (#234)
2	2	README.adoc
13	13	pom.xml
22	22	spec/src/main/asciidoc/architecture.asciidoc
24	24	spec/src/main/asciidoc/required-apis.asciidoc

[9ca7490] Eclipse MicroProfile bot 2021-11-17 15:03:50 +0000 [maven-release-plugin] prepare for next development iteration
2	2	pom.xml
1	1	spec/pom.xml

[af9b1c2] Eclipse MicroProfile bot 2021-11-17 15:03:48 +0000 [maven-release-plugin] prepare release 5.0-RC2
2	2	pom.xml
1	1	spec/pom.xml

[d289f81] Edwin Derks 2021-11-17 14:57:35 +0000 Updates for RC2 release of MP 5.0 (#233)
9	9	spec/src/main/asciidoc/architecture.asciidoc
9	9	spec/src/main/asciidoc/required-apis.asciidoc

[ec98ca8] Emerson Castaneda 2021-10-28 09:36:51 -0400 Add Jakarta EE 9.1 Missed References (#231)
6	0	spec/src/main/asciidoc/architecture.asciidoc
26	24	spec/src/main/asciidoc/required-apis.asciidoc

[afbb8fa] Eclipse MicroProfile bot 2021-10-01 09:05:22 +0000 [maven-release-plugin] prepare for next development iteration
2	2	pom.xml
1	1	spec/pom.xml

[899e707] Eclipse MicroProfile bot 2021-10-01 09:05:20 +0000 [maven-release-plugin] prepare release 5.0-RC1
2	2	pom.xml
1	1	spec/pom.xml

[72ea58d] Emerson Castaneda 2021-10-01 01:55:42 -0400 Microprofile 5.0 Release WIP (#226)
2	2	README.adoc
53	0	spec/src/main/asciidoc/architecture.asciidoc
29	29	spec/src/main/asciidoc/required-apis.asciidoc

[b3288d6] Michael Redlich 2021-07-15 11:52:33 -0400 Minor edits in documentation (#224)
8	8	spec/src/main/asciidoc/architecture.asciidoc

[39d98c0] Eclipse MicroProfile bot 2021-07-05 17:32:52 +0000 [maven-release-plugin] prepare for next development iteration
2	2	pom.xml
1	1	spec/pom.xml

[ffadc33] Eclipse MicroProfile bot 2021-07-05 17:32:47 +0000 [maven-release-plugin] prepare release 4.1
2	2	pom.xml
1	1	spec/pom.xml

[182bd1c] Edwin Derks 2021-06-29 14:08:25 +0200 Updates for final release of MP 4.1 (#220)
2	2	README.adoc
1	1	pom.xml
8	8	spec/src/main/asciidoc/architecture.asciidoc
3	3	spec/src/main/asciidoc/required-apis.asciidoc

[a08d8a7] Amelia Eiras 2021-06-28 15:41:54 -0700 Merge pull request #222 from cesarhernandezgt/issue-221
[21b9c85] CesarHernandezGt 2021-06-28 16:30:48 -0600 Added detail documentation for making a PR in mp Signed-off-by: CesarHernandezGt <chernandez@tomitribe.com>
1	1	CONTRIBUTING.adoc
49	0	how-to-pr.adoc

[1951cab] Eclipse MicroProfile bot 2021-06-17 17:27:44 +0000 [maven-release-plugin] prepare for next development iteration
2	2	pom.xml
1	1	spec/pom.xml

[ec41350] Eclipse MicroProfile bot 2021-06-17 17:27:39 +0000 [maven-release-plugin] prepare release 4.1-RC2
2	2	pom.xml
1	1	spec/pom.xml

[a7345f8] Edwin Derks 2021-06-17 19:18:09 +0200 Updates for MP 4.1-RC2 (#219)
2	2	README.adoc
12	6	spec/src/main/asciidoc/architecture.asciidoc

[6211b89] Eclipse MicroProfile bot 2021-06-15 17:11:04 +0000 [maven-release-plugin] prepare for next development iteration
2	2	pom.xml
1	1	spec/pom.xml

[5f8e4d8] Eclipse MicroProfile bot 2021-06-15 17:10:58 +0000 [maven-release-plugin] prepare release 4.1-RC1
2	2	pom.xml
1	1	spec/pom.xml

[9b092e0] Edwin Derks 2021-06-14 11:24:56 +0200 Updates for MP 4.1-RC1 (#217)
2	2	README.adoc
2	2	pom.xml
41	1	spec/src/main/asciidoc/architecture.asciidoc
4	4	spec/src/main/asciidoc/required-apis.asciidoc

[2ff186c] Edwin Derks 2021-06-09 10:36:29 +0200 Merge pull request #215 from radcortez/master
[ab120a4] Roberto Cortez 2021-05-12 11:52:25 +0100 Update spec for compatible implementation definition.
18	13	spec/src/main/asciidoc/required-apis.asciidoc

[85227b3] Emily Jiang 2021-05-12 16:15:32 +0100 add CCR for microprofile platform release (#214)
25	0	spec/.github/ISSUE_TEMPLATE/01-compatible-certification-request.md

[7728656] Eclipse MicroProfile bot 2021-01-05 20:25:25 +0000 [maven-release-plugin] prepare for next development iteration
2	2	pom.xml
1	1	spec/pom.xml

[827d005] Eclipse MicroProfile bot 2021-01-05 20:25:18 +0000 [maven-release-plugin] prepare release 4.0.1
2	2	pom.xml
1	1	spec/pom.xml

[a061405] Eclipse MicroProfile bot 2020-12-29 21:08:38 +0000 [maven-release-plugin] prepare for next development iteration
2	2	pom.xml
1	1	spec/pom.xml

[3d37581] Eclipse MicroProfile bot 2020-12-29 21:08:32 +0000 [maven-release-plugin] prepare release 4.0.1-RC1
2	2	pom.xml
1	1	spec/pom.xml

[c7a7d90] Edwin Derks 2020-12-29 21:57:50 +0100 Merge pull request #206 from ederks85/mp-40-dep-fix
[1711856] Edwin Derks 2020-12-29 16:37:10 +0100 Remove provided scope references since they are not applicable
0	13	pom.xml

[ebc665d] Eclipse MicroProfile bot 2020-12-18 14:00:13 +0000 [maven-release-plugin] prepare for next development iteration
2	2	pom.xml
1	1	spec/pom.xml

[ced6c9e] Eclipse MicroProfile bot 2020-12-18 14:00:03 +0000 [maven-release-plugin] prepare release 4.0
2	2	pom.xml
1	1	spec/pom.xml

[ad16ddb] Edwin Derks 2020-12-18 14:56:46 +0100 Merge pull request #204 from ederks85/mp-40-final
[2a2ac35] Edwin Derks 2020-12-18 14:46:08 +0100 Update references for release of MP 4.0 final
2	2	README.adoc
7	7	spec/src/main/asciidoc/architecture.asciidoc

[f79a521] Eclipse MicroProfile bot 2020-12-18 13:01:06 +0000 [maven-release-plugin] prepare for next development iteration
2	2	pom.xml
1	1	spec/pom.xml

[0097218] Eclipse MicroProfile bot 2020-12-18 13:00:59 +0000 [maven-release-plugin] prepare release 4.0-RC4
2	2	pom.xml
1	1	spec/pom.xml

[9f5f984] Edwin Derks 2020-12-18 13:55:39 +0100 Merge pull request #203 from ederks85/mp-40-rc4
[dc4dd94] Edwin Derks 2020-12-18 13:52:14 +0100 Update references for release of MP 4.0-RC4
2	2	README.adoc
11	11	spec/src/main/asciidoc/architecture.asciidoc

[8bb89b0] Eclipse MicroProfile bot 2020-12-18 12:22:11 +0000 [maven-release-plugin] prepare for next development iteration
2	2	pom.xml
1	1	spec/pom.xml

[f807762] Eclipse MicroProfile bot 2020-12-18 12:22:04 +0000 [maven-release-plugin] prepare release 4.0-RC3
2	2	pom.xml
1	1	spec/pom.xml

[c150a89] Edwin Derks 2020-12-18 13:17:36 +0100 Merge pull request #202 from ederks85/mp-40-rc3
[b8baf20] Edwin Derks 2020-12-18 13:11:08 +0100 Update references for release of MP 4.0-RC3
2	2	README.adoc
7	7	spec/src/main/asciidoc/architecture.asciidoc

[9b33a19] Martin Stefanko 2020-12-18 13:01:03 +0100 Merge pull request #200 from ederks85/mp-40-final
[8735906] Edwin Derks 2020-12-18 12:59:27 +0100 Merge pull request #201 from xstefank/prepare-wg
[e6709ba] xstefank 2020-12-18 11:36:04 +0100 Prepare for the WG release
45	3	spec/pom.xml
0	46	spec/src/main/asciidoc/license-alv2.asciidoc
73	0	spec/src/main/asciidoc/license-efsl.adoc
2	2	spec/src/main/asciidoc/microprofile-spec.asciidoc

[bbc8f7f] Edwin Derks 2020-12-18 10:58:58 +0100 Update references for final release of MP 4.0
2	2	README.adoc
7	7	spec/src/main/asciidoc/architecture.asciidoc

[0be8d5c] Eclipse MicroProfile bot 2020-12-18 09:41:06 +0000 [maven-release-plugin] prepare for next development iteration
2	2	pom.xml
1	1	spec/pom.xml

[3f32d1a] Eclipse MicroProfile bot 2020-12-18 09:40:59 +0000 [maven-release-plugin] prepare release 4.0-RC2
2	2	pom.xml
1	1	spec/pom.xml

[bcc3c05] Emily Jiang 2020-12-18 09:29:45 +0000 Merge pull request #198 from ederks85/mp-40-final
[330948d] Edwin Derks 2020-12-18 10:11:43 +0100 Update references for release of MP 4.0-RC2 in Q42020
1	1	spec/src/main/asciidoc/architecture.asciidoc

[c88d67b] Edwin Derks 2020-12-17 08:59:40 +0100 Update references for release of MP 4.0-RC2
2	2	README.adoc
7	7	spec/src/main/asciidoc/architecture.asciidoc

[9908fc2] Edwin Derks 2020-12-16 08:21:02 +0100 Update text with MP 4.0 release quarter
1	1	spec/src/main/asciidoc/architecture.asciidoc

[154de15] Edwin Derks 2020-12-15 21:54:04 +0100 Remove RC references for releasing final version of MP 4.0
2	2	README.adoc
8	8	pom.xml
20	20	spec/src/main/asciidoc/architecture.asciidoc
8	8	spec/src/main/asciidoc/required-apis.asciidoc

[5df4141] Emily Jiang 2020-10-29 23:04:56 +0000 Merge pull request #185 from emecas/184_microprofile-graphql-link
[357381c] Eclipse MicroProfile bot 2020-10-21 18:53:19 +0000 [maven-release-plugin] prepare for next development iteration
2	2	pom.xml
1	1	spec/pom.xml

[a5132dc] Eclipse MicroProfile bot 2020-10-21 18:53:12 +0000 [maven-release-plugin] prepare release 4.0-RC1
2	2	pom.xml
1	1	spec/pom.xml

[3ca5f05] John Clingan 2020-10-21 11:47:54 -0700 Merge pull request #194 from ederks85/mp-40-rc1-changes
[aa46d4f] Edwin Derks 2020-10-21 20:46:09 +0200 Fix mailinglist reference
4	8	pom.xml

[a033658] John Clingan 2020-10-21 11:29:50 -0700 Merge pull request #188 from ederks85/mp-rc-changes
[cb9ab1a] Edwin Derks 2020-10-21 20:27:03 +0200 Textual and references updates based on PR review
2	2	README.adoc
1	1	attic/Processes/eclipse.adoc
7	0	pom.xml
16	16	spec/src/main/asciidoc/required-apis.asciidoc

[61de876] Edwin Derks 2020-10-19 14:56:52 +0200 Textual and references updates
9	9	spec/src/main/asciidoc/architecture.asciidoc
9	10	spec/src/main/asciidoc/required-apis.asciidoc

[7777dfa] Edwin Derks 2020-10-14 10:24:12 +0200 Update references to Microprofile with MicroProfile
1	1	NOTICE
6	6	README.adoc
1	1	attic/SUMMARY.adoc
1	1	site.yaml
1	1	spec/NOTICE
1	1	spec/src/main/asciidoc/license-alv2.asciidoc
1	1	spec/src/main/resources/META-INF/NOTICE

[76ca1d0] Edwin Derks 2020-10-05 09:18:53 +0200 Update links to API documentation
2	2	spec/src/main/asciidoc/architecture.asciidoc

[6284f1e] Edwin Derks 2020-10-02 08:23:50 +0200 Update all MP specification versions to latest RC
9	9	spec/src/main/asciidoc/architecture.asciidoc
11	11	spec/src/main/asciidoc/required-apis.asciidoc

[f775121] Edwin Derks 2020-10-01 11:42:48 +0200 Update MP Config version to 2.0-RC1
2	2	spec/src/main/asciidoc/architecture.asciidoc
2	2	spec/src/main/asciidoc/required-apis.asciidoc

[1d08bad] Edwin Derks 2020-09-07 09:52:55 +0200 Updates in preparation for the MP 4.0-RC1 release
1	1	CONTRIBUTING.adoc
1	1	NOTICE
6	6	README.adoc
1	1	attic/Processes/eclipse.adoc
1	1	attic/microprofile-spec/README.adoc
1	1	faq.adoc
2	2	pom.xml
1	1	spec/NOTICE
17	17	spec/src/main/asciidoc/architecture.asciidoc
1	1	spec/src/main/asciidoc/license-alv2.asciidoc
2	2	spec/src/main/asciidoc/microprofile-spec.asciidoc
4	4	spec/src/main/asciidoc/notices.asciidoc
26	26	spec/src/main/asciidoc/required-apis.asciidoc
1	1	spec/src/main/resources/META-INF/NOTICE

[3af2b4e] Martin Stefanko 2020-08-19 08:24:26 +0200 Merge pull request #187 from didier-durand/master
[50f0bda] didier 2020-08-19 07:25:31 +0200 fixing typo
1	1	README.adoc

[d2b34f9] Eclipse MicroProfile bot 2020-08-17 20:25:10 +0000 [maven-release-plugin] prepare for next development iteration
2	2	pom.xml
1	1	spec/pom.xml

[c6fb2b2] Eclipse MicroProfile bot 2020-08-17 20:25:01 +0000 [maven-release-plugin] prepare release 4.0-M1
2	2	pom.xml
1	1	spec/pom.xml

[a4d9dad] Martin Stefanko 2020-08-17 21:40:23 +0200 Merge pull request #182 from jclingan/microprofile-4.0M1
[5b5fa2f] jclingan 2020-08-17 12:16:11 -0700 Updated links to incompatible changes
4	4	spec/src/main/asciidoc/architecture.asciidoc

[03fbc27] jclingan 2020-08-17 08:15:22 -0700 Updates based on ederks feedback
1	0	.gitignore
2	2	README.adoc

[2879546] jclingan 2020-08-14 15:05:37 -0700 Updated pom.xml to include provided scope, fixed minor verbiage
[bee3806] jclingan 2020-08-12 12:05:56 -0700 Updated MP4-M1 architecture.asciidoc based on feedback
2	2	spec/src/main/asciidoc/architecture.asciidoc

[8d4b1a6] Emerson Castaneda 2020-08-11 18:10:34 -0400 Add GraphQL Spec Link
1	0	README.adoc

[7e0245f] Kevin Sutter 2020-08-11 13:08:06 -0500 Merge pull request #183 from ederks85/mark-dependencies-as-provided
[c1d7df9] jclingan 2020-08-04 15:25:50 -0700 Updated architecture/required-apis.asciidoc based on PR comments
11	10	spec/src/main/asciidoc/architecture.asciidoc
20	20	spec/src/main/asciidoc/required-apis.asciidoc

[da1efd2] Edwin Derks 2020-08-04 20:03:05 +0200 - Mark dependencies as 'provided' scope - Fixed platform dependent encoding warning by explicitly setting encoding to UTF-8
15	0	pom.xml

[ec2f39f] jclingan 2020-08-03 14:30:09 -0700 Updated for MicroProfile 4.0 and Jakarta EE 8.
2	2	README.adoc
36	26	pom.xml
68	15	spec/src/main/asciidoc/architecture.asciidoc
55	59	spec/src/main/asciidoc/required-apis.asciidoc

[06cf543] Amelia Eiras 2020-05-27 15:18:12 -0700 Update CONTRIBUTING.adoc
1	1	CONTRIBUTING.adoc

[2410ab6] Amelia Eiras 2020-05-27 15:17:10 -0700 Update CONTRIBUTING.adoc
4	2	CONTRIBUTING.adoc

[430bf31] Amelia Eiras 2020-05-27 15:16:17 -0700 Update CONTRIBUTING.adoc
2	0	CONTRIBUTING.adoc

[a7410a1] Emily Jiang 2020-04-02 12:10:34 +0100 Merge pull request #171 from rafabene/patch-1
[6bdb2a7] Rafael Benevides 2020-03-22 17:58:17 -0300 Enable syntax highlight for Maven cordinates
8	0	spec/src/main/asciidoc/architecture.asciidoc

[fe9f726] Eclipse MicroProfile bot 2020-02-17 19:16:05 +0000 [maven-release-plugin] prepare for next development iteration
2	2	pom.xml
1	1	spec/pom.xml

[6bf00eb] Eclipse MicroProfile bot 2020-02-17 19:15:59 +0000 [maven-release-plugin] prepare release 3.3
2	2	pom.xml
1	1	spec/pom.xml

[d91d113] John Clingan 2020-02-17 10:51:07 -0800 Merge pull request #167 from eclipse/mp-3.3
[59db6b8] jclingan 2020-02-17 09:04:33 -0800 Updated for 3.3
2	2	README.adoc

[1efc1e0] Eclipse MicroProfile bot 2020-02-14 15:15:47 +0000 [maven-release-plugin] prepare for next development iteration
2	2	pom.xml
1	1	spec/pom.xml

[316370e] Eclipse MicroProfile bot 2020-02-14 15:15:41 +0000 [maven-release-plugin] prepare release 3.3-RC2
2	2	pom.xml
1	1	spec/pom.xml

[e68df6b] John Clingan 2020-02-14 06:24:28 -0800 Merge pull request #166 from eclipse/mp-3.3-RC2
[758b351] jclingan 2020-02-12 14:05:42 -0800 Updated for 3.3-RC2
2	2	README.adoc
3	3	pom.xml
3	3	spec/src/main/asciidoc/architecture.asciidoc
1	1	spec/src/main/asciidoc/required-apis.asciidoc

[62fd735] Eclipse MicroProfile bot 2020-02-06 20:34:06 +0000 [maven-release-plugin] prepare for next development iteration
2	2	pom.xml
1	1	spec/pom.xml

[c16ba0d] Eclipse MicroProfile bot 2020-02-06 20:33:58 +0000 [maven-release-plugin] prepare release 3.3-RC1
2	2	pom.xml
1	1	spec/pom.xml

[792f72d] Kevin Sutter 2020-02-06 14:17:04 -0600 Merge pull request #164 from eclipse/mp-3.3-RC1
[80dcd63] jclingan 2020-02-06 11:07:42 -0800 Needed a signed commit.
1	1	spec/src/main/asciidoc/architecture.asciidoc

[0c967b4] John Clingan 2020-02-06 10:56:49 -0800 Fixed 3.2 maven dependency doc bug
1	1	spec/src/main/asciidoc/architecture.asciidoc

[c49084e] jclingan 2020-02-05 17:54:06 -0800 Updated FAQ.
3	0	faq.adoc

[da1080c] jclingan 2020-02-05 17:01:22 -0800 Updated for 3.3-RC1
2	2	README.adoc
6	3	faq.adoc
5	5	pom.xml
42	1	spec/src/main/asciidoc/architecture.asciidoc
16	16	spec/src/main/asciidoc/required-apis.asciidoc

[f7d4be9] Eclipse MicroProfile bot 2019-11-11 20:47:21 +0000 [maven-release-plugin] prepare for next development iteration
2	2	pom.xml
1	1	spec/pom.xml

[a504293] Eclipse MicroProfile bot 2019-11-11 20:47:13 +0000 [maven-release-plugin] prepare release 3.2
2	2	pom.xml
1	1	spec/pom.xml

[09bdb8b] John Clingan 2019-11-11 12:17:07 -0800 Merge pull request #147 from ederks85/mp-32-final
[ff41f19] Edwin Derks 2019-11-11 21:10:09 +0100 Update README.adoc to display MP version 3.2
1	0	.gitignore
2	2	README.adoc

[8228cb5] Eclipse MicroProfile bot 2019-11-06 16:56:08 +0000 [maven-release-plugin] prepare for next development iteration
2	2	pom.xml
1	1	spec/pom.xml

[e211c3a] Eclipse MicroProfile bot 2019-11-06 16:56:00 +0000 [maven-release-plugin] prepare release 3.2-RC1
2	2	pom.xml
1	1	spec/pom.xml

[36006e6] Eclipse MicroProfile bot 2019-11-06 15:23:44 +0000 [maven-release-plugin] prepare for next development iteration
2	2	pom.xml
1	1	spec/pom.xml

[91b4305] Eclipse MicroProfile bot 2019-11-06 15:23:38 +0000 [maven-release-plugin] prepare release 3.2-RC1
2	2	pom.xml
1	1	spec/pom.xml

[d457d86] John Clingan 2019-11-05 10:16:35 -0800 Merge pull request #142 from kwsutter/gpg-signing
[26d732b] Kevin Sutter 2019-11-05 08:14:57 -0500 add newly required parameters for gpg signing
6	0	pom.xml

[bc8a18f] John Clingan 2019-10-29 16:17:23 -0400 Merge pull request #140 from eclipse/microprofile_3.2-RC1_jclingan
[e5d5ec7] jclingan 2019-10-29 16:00:51 -0400 Updated pom.xml to update metrics 2.2-RC1 to metrics 2.2
1	1	pom.xml

[ba0d82f] Amelia Eiras 2019-10-28 08:01:43 -0700 Merge pull request #139 from rieckpil/master
[8d4c782] Philip Riecks 2019-10-26 17:52:55 +0200 Update CONTRIBUTING.adoc
2	0	CONTRIBUTING.adoc

[30bdc08] jclingan 2019-10-25 09:57:24 -0700 Changes for MicroProfile 3.2-RC1 release.
2	2	README.adoc
1	1	pom.xml
37	1	spec/src/main/asciidoc/architecture.asciidoc
4	4	spec/src/main/asciidoc/required-apis.asciidoc

[32426e1] Amelia Eiras 2019-10-17 12:29:28 -0700 Update CONTRIBUTING.adoc
3	3	CONTRIBUTING.adoc

[f258b27] Amelia Eiras 2019-10-17 12:25:10 -0700 Update CONTRIBUTING.adoc
1	1	CONTRIBUTING.adoc

[e5a7d74] Amelia Eiras 2019-10-17 12:20:49 -0700 Merge pull request #137 from cesarhernandezgt/readmeUpdate
[1d5024d] CesarHernandezGt 2019-10-17 12:48:07 -0600 Updated contributin.adoc to tackle https://github.com/eclipse/microprofile-marketing/issues/12 Signed-off-by: CesarHernandezGt <chernandez@tomitribe.com>
21	1	CONTRIBUTING.adoc

[9da6ae4] Eclipse Microprofile Bot 2019-10-13 01:22:44 -0400 [maven-release-plugin] prepare for next development iteration
2	2	pom.xml
1	1	spec/pom.xml

[1eb73bf] Eclipse Microprofile Bot 2019-10-13 01:22:39 -0400 [maven-release-plugin] prepare release 3.1
2	2	pom.xml
1	1	spec/pom.xml

[39a5600] Eclipse Microprofile Bot 2019-10-09 23:29:09 -0400 [maven-release-plugin] prepare for next development iteration
2	2	pom.xml
1	1	spec/pom.xml

[269abde] Eclipse Microprofile Bot 2019-10-09 23:29:03 -0400 [maven-release-plugin] prepare release 3.1
2	2	pom.xml
1	1	spec/pom.xml

[8a7da6a] Eclipse Microprofile Bot 2019-10-09 14:47:37 -0400 [maven-release-plugin] prepare for next development iteration
2	2	pom.xml
1	1	spec/pom.xml

[7b1db2b] Eclipse Microprofile Bot 2019-10-09 14:47:31 -0400 [maven-release-plugin] prepare release 3.1
2	2	pom.xml
1	1	spec/pom.xml

[529c444] Eclipse Microprofile Bot 2019-10-09 11:44:11 -0400 [maven-release-plugin] prepare for next development iteration
2	2	pom.xml
1	1	spec/pom.xml

[a168b17] Eclipse Microprofile Bot 2019-10-09 11:44:05 -0400 [maven-release-plugin] prepare release 3.1
2	2	pom.xml
1	1	spec/pom.xml

[f6234fd] Eclipse Microprofile Bot 2019-10-09 09:56:14 -0400 [maven-release-plugin] prepare for next development iteration
2	2	pom.xml
1	1	spec/pom.xml

[535b900] Eclipse Microprofile Bot 2019-10-09 09:56:09 -0400 [maven-release-plugin] prepare release 3.1
2	2	pom.xml
1	1	spec/pom.xml

[165a9f3] Eclipse Microprofile Bot 2019-10-08 13:49:43 -0400 [maven-release-plugin] prepare for next development iteration
2	2	pom.xml
1	1	spec/pom.xml

[f6b264b] Eclipse Microprofile Bot 2019-10-08 13:49:37 -0400 [maven-release-plugin] prepare release 3.1
2	2	pom.xml
1	1	spec/pom.xml

[25e754c] John Clingan 2019-10-08 10:32:08 -0700 Merge pull request #131 from eclipse/microprofile_3_1_fix
[ec46ca8] John Clingan 2019-10-08 07:22:22 -0700 Update spec/src/main/asciidoc/architecture.asciidoc
1	1	spec/src/main/asciidoc/architecture.asciidoc

[8f0afe7] jclingan 2019-10-07 13:48:34 -0700 Fixes related to MicroProfile Health and Metrics version numbers (pom.xml) and asciidoc references
2	2	README.adoc
8	8	spec/src/main/asciidoc/architecture.asciidoc
3	3	spec/src/main/asciidoc/required-apis.asciidoc

[429d0f9] John Clingan 2019-10-07 13:19:32 -0700 Merge pull request #130 from jmartisk/update-pom
[4aab68f] Eclipse Microprofile Bot 2019-10-07 14:00:39 -0400 [maven-release-plugin] prepare for next development iteration
2	2	pom.xml
1	1	spec/pom.xml

[3ee1b2c] Eclipse Microprofile Bot 2019-10-07 14:00:32 -0400 [maven-release-plugin] prepare release 3.1
2	2	pom.xml
1	1	spec/pom.xml

[e8ce91c] Jan Martiska 2019-10-03 15:09:17 +0200 [#129] update dependencies in pom.xml for 3.1
2	2	pom.xml

[4d84c14] Eclipse Microprofile Bot 2019-10-01 13:21:19 -0400 [maven-release-plugin] prepare for next development iteration
2	2	pom.xml
1	1	spec/pom.xml

[8c5ce51] Eclipse Microprofile Bot 2019-10-01 13:21:08 -0400 [maven-release-plugin] prepare release 3.1-RC1
2	2	pom.xml
1	1	spec/pom.xml

[9b31d82] jclingan 2019-10-01 10:13:19 -0700 Increments to Metrics 2.1.0 and Health Check 2.1
38	0	spec/src/main/asciidoc/architecture.asciidoc
8	8	spec/src/main/asciidoc/required-apis.asciidoc

[01a84e8] Kevin Sutter 2019-07-08 20:31:18 -0500 Merge pull request #89 from emattheis/javadoc
[11b8272] Eclipse Microprofile Bot 2019-06-07 11:19:25 -0400 [maven-release-plugin] prepare for next development iteration
2	2	pom.xml
1	1	spec/pom.xml

[19fe597] Eclipse Microprofile Bot 2019-06-07 11:19:20 -0400 [maven-release-plugin] prepare release 3.0
2	2	pom.xml
1	1	spec/pom.xml

[b6067cb] Erik Mattheis 2019-05-29 22:36:00 -0400 merge from upstream master
[7a60e81] Eclipse Microprofile Bot 2019-05-24 11:57:11 -0400 [maven-release-plugin] prepare for next development iteration
2	2	pom.xml
1	1	spec/pom.xml

[c24642c] Eclipse Microprofile Bot 2019-05-24 11:57:03 -0400 [maven-release-plugin] prepare release 3.0-RC2
2	2	pom.xml
1	1	spec/pom.xml

[f93d1af] Kevin Sutter 2019-05-24 10:53:55 -0500 Merge pull request #117 from eclipse/rc2-updates
[0757f22] Kevin Sutter 2019-05-24 10:52:55 -0500 revert to numbering of plaform releases in prose
1	1	spec/src/main/asciidoc/architecture.asciidoc

[a68403e] Kevin Sutter 2019-05-24 08:51:08 -0500 updates for metrics 2.0.0 and some wordsmithing
8	7	spec/src/main/asciidoc/architecture.asciidoc

[b504c3d] Kevin Sutter 2019-05-24 07:43:11 -0500 Merge pull request #116 from pilhuhn/metrics-2.0.0
[1537496] Heiko W. Rupp 2019-05-24 11:04:47 +0200 Use Metrics 2.0.0 instead of 2.0
1	1	pom.xml
2	2	spec/src/main/asciidoc/architecture.asciidoc
3	3	spec/src/main/asciidoc/required-apis.asciidoc

[b367c85] Eclipse Microprofile Bot 2019-05-22 16:39:19 -0400 [maven-release-plugin] prepare for next development iteration
2	2	pom.xml
1	1	spec/pom.xml

[c291262] Eclipse Microprofile Bot 2019-05-22 16:39:13 -0400 [maven-release-plugin] prepare release 3.0-RC1
2	2	pom.xml
1	1	spec/pom.xml

[6e631fb] Andy McCright 2019-05-22 09:18:18 -0500 Merge pull request #113 from eclipse/rest-client-cleanup
[6306319] Kevin Sutter 2019-05-22 08:50:54 -0500 Merge pull request #114 from antoinesd/microprofile-69
[5786e29] Antoine Sabot-Durand 2019-05-22 15:27:06 +0200 microprofile-69 Include Health Check 2.0
1	1	pom.xml
1	1	spec/src/main/asciidoc/architecture.asciidoc
3	3	spec/src/main/asciidoc/required-apis.asciidoc

[aea6b64] Kevin Sutter 2019-05-22 08:23:30 -0500 used 1.3 instead of 1.3.1 for rest client
1	1	pom.xml
1	1	spec/src/main/asciidoc/architecture.asciidoc
3	3	spec/src/main/asciidoc/required-apis.asciidoc

[1739509] Erik Mattheis 2019-05-21 22:23:05 -0400 merge from upstream master
[8770135] Kevin Sutter 2019-05-21 16:51:47 -0500 Merge pull request #111 from eclipse/mp-3.0
[9c7c6d2] Kevin Sutter 2019-05-21 16:51:07 -0500 Merge branch 'master' into mp-3.0
[23b2890] Andy McCright 2019-05-21 15:40:45 -0500 Merge pull request #110 from WhiteCat22/update-rest-client-131
[50cfe41] Adam Anderson 2019-05-21 15:34:24 -0500 update the MicroProfile Rest Client version to 1.3.1
1	1	pom.xml
2	2	spec/src/main/asciidoc/architecture.asciidoc
3	3	spec/src/main/asciidoc/required-apis.asciidoc

[e21eafb] Kevin Sutter 2019-05-21 15:07:20 -0500 initial changes for 3.0
3	3	README.adoc
9	2	spec/src/main/asciidoc/architecture.asciidoc

[9d59ba7] Kevin Sutter 2019-05-21 14:11:07 -0500 Merge pull request #96 from anthonyvdotbe/fix-opentracing-property
[dae6a0e] Kevin Sutter 2019-05-21 14:04:24 -0500 Merge pull request #109 from pilhuhn/metrics-2.0
[0ad744b] Heiko W. Rupp 2019-05-16 22:13:52 +0200 Add missing paren
2	2	spec/src/main/asciidoc/architecture.asciidoc

[7256d0c] Heiko W. Rupp 2019-05-15 14:06:38 +0200 Update for Metrics 2.0
1	1	pom.xml
39	0	spec/src/main/asciidoc/architecture.asciidoc
4	4	spec/src/main/asciidoc/required-apis.asciidoc

[11fdea0] Anthony Vanelverdinghe 2019-03-13 10:52:25 +0100 Remove duplicate property opentracing-version
0	1	pom.xml

[bf7b2e2] Eclipse Microprofile Bot 2019-02-10 10:47:13 -0500 [maven-release-plugin] prepare for next development iteration
2	2	pom.xml
1	1	spec/pom.xml

[7b94111] Eclipse Microprofile Bot 2019-02-10 10:47:07 -0500 [maven-release-plugin] prepare release 2.2
2	2	pom.xml
1	1	spec/pom.xml

[cac2627] John Clingan 2019-02-06 12:01:01 -0800 Merge pull request #90 from eclipse/add-license-1
[54d8376] Kevin Sutter 2019-02-06 11:47:55 -0600 create LICENSE
201	0	LICENSE

[af14c9a] Eclipse Microprofile Bot 2019-02-04 12:36:12 -0500 [maven-release-plugin] prepare for next development iteration
2	2	pom.xml
1	1	spec/pom.xml

[cd412ce] Eclipse Microprofile Bot 2019-02-04 12:36:04 -0500 [maven-release-plugin] prepare release 2.2-RC1
2	2	pom.xml
1	1	spec/pom.xml

[ffb94a1] Kevin Sutter 2019-02-04 11:31:45 -0600 Merge pull request #84 from emattheis/bom
[4d01826] Kevin Sutter 2019-01-30 15:53:02 -0600 Merge pull request #88 from kwsutter/master
[dd960be] Erik Mattheis 2019-01-30 16:43:01 -0500 configure javadoc plugin to produce aggregate javadoc jar
22	0	pom.xml

[33b9372] Kevin Sutter 2019-01-30 14:42:39 -0600 Initial updates for the MicroProfile 2.2 release
37	1	spec/src/main/asciidoc/architecture.asciidoc
-	-	spec/src/main/asciidoc/images/MP-logo-w-tagline.png
1	1	spec/src/main/asciidoc/license-alv2.asciidoc
2	1	spec/src/main/asciidoc/microprofile-spec.asciidoc
15	14	spec/src/main/asciidoc/required-apis.asciidoc

[0e940f0] Erik Mattheis 2019-01-30 13:10:20 -0500 added 'provided' scope to dependency example
1	0	README.adoc

[03765b9] Erik Mattheis 2019-01-30 10:33:05 -0500 added Maven BOM usage examples
53	0	README.adoc

[aaefbf9] Kevin Sutter 2019-01-29 14:53:39 -0600 Merge pull request #86 from eclipse/arthurdm-patch-1
[99853e1] Arthur De Magalhaes 2019-01-28 18:21:41 -0500 Update pom.xml
1	1	pom.xml

[1f45fc6] Kevin Sutter 2019-01-28 10:48:16 -0600 Merge pull request #85 from eclipse/emily_branch
[4e0c1a3] Emily Jiang 2019-01-24 21:23:11 +0000 #67 include Fault Tolerance 2.0
1	1	pom.xml

[96cbfe2] Erik Mattheis 2019-01-24 14:43:50 -0500 introduce dependencyManagement section to support BOM usage
70	13	pom.xml

[f95f207] Kevin Sutter 2019-01-24 08:49:29 -0600 Merge pull request #81 from pavolloffay/bumo-opentracing-to-1.3
[447c812] Pavol Loffay 2019-01-18 18:19:42 +0100 Bump OpenTracing API to 1.3
1	0	pom.xml

[ee346a7] Kevin Sutter 2019-01-23 07:54:50 -0600 Merge pull request #80 from eclipse/issue68
[9bb27ab] Jérémie Bresson 2019-01-23 09:10:51 +0100 Merge branch 'master' into issue68
[c9a1605] Andy McCright 2019-01-22 16:10:13 -0600 Merge pull request #82 from andymc12/mpRestClient12
[676beb3] Andy McCright 2019-01-22 09:18:25 -0600 Issue 70: Include MP Rest Client 1.2
1	1	pom.xml
1	1	spec/src/main/asciidoc/architecture.asciidoc

[0dfa075] Jérémie Bresson 2019-01-10 05:29:30 +0100 Update MP-OpenAPI version to 1.1.1
1	1	pom.xml

[09169c0] Eclipse Microprofile Bot 2018-10-19 12:49:54 -0400 [maven-release-plugin] prepare for next development iteration
2	2	pom.xml
1	1	spec/pom.xml

[3cbf048] Eclipse Microprofile Bot 2018-10-19 12:49:48 -0400 [maven-release-plugin] prepare release 2.1
2	2	pom.xml
1	1	spec/pom.xml

[a7b3a0b] Eclipse Microprofile Bot 2018-10-18 18:36:24 -0400 [maven-release-plugin] prepare for next development iteration
2	2	pom.xml
1	1	spec/pom.xml

[74d5fea] Eclipse Microprofile Bot 2018-10-18 18:36:18 -0400 [maven-release-plugin] prepare release 2.1-RC2
2	2	pom.xml
1	1	spec/pom.xml

[dd9ed9b] John Clingan 2018-10-18 15:25:28 -0700 Merge pull request #60 from jclingan/master
[006c976] jclingan 2018-10-18 12:09:34 -0700 Fixed a typo.
1	1	spec/src/main/asciidoc/architecture.asciidoc

[70bcc69] Eclipse Microprofile Bot 2018-10-09 10:03:01 -0400 [maven-release-plugin] prepare for next development iteration
2	2	pom.xml
1	1	spec/pom.xml

[e144c88] Eclipse Microprofile Bot 2018-10-09 10:02:55 -0400 [maven-release-plugin] prepare release 2.1-RC1
2	2	pom.xml
1	1	spec/pom.xml

[7722bb9] John Clingan 2018-10-09 06:59:17 -0700 Merge pull request #58 from jclingan/master
[b1d04cf] jclingan 2018-10-09 06:25:25 -0700 Reverted version to 2.1-SNAPSHOT in pom.xml files. Integrated community feedback
1	1	pom.xml
1	1	spec/pom.xml
5	2	spec/src/main/asciidoc/architecture.asciidoc

[a1c1996] jclingan 2018-10-08 21:17:39 -0700 prepare for release 2.1
2	2	pom.xml
1	1	spec/pom.xml
32	0	spec/src/main/asciidoc/architecture.asciidoc
3	3	spec/src/main/asciidoc/required-apis.asciidoc

[a8b09a0] Eclipse Microprofile Bot 2018-07-26 09:49:39 -0400 [maven-release-plugin] prepare for next development iteration
2	2	pom.xml
1	1	spec/pom.xml

[12df406] Eclipse Microprofile Bot 2018-07-26 09:49:34 -0400 [maven-release-plugin] prepare release 2.0.1
2	2	pom.xml
1	1	spec/pom.xml

[d314df4] Eclipse Microprofile Bot 2018-07-19 19:31:51 -0400 [maven-release-plugin] prepare for next development iteration
2	2	pom.xml
1	1	spec/pom.xml

[2744829] Eclipse Microprofile Bot 2018-07-19 19:31:46 -0400 [maven-release-plugin] prepare release 2.0.1-RC3
2	2	pom.xml
1	1	spec/pom.xml

[1703deb] Kevin Sutter 2018-07-19 18:26:55 -0500 Merge pull request #53 from eclipse/revert-47-aggregated-javadocs
[c73b2c0] Kevin Sutter 2018-07-19 17:34:53 -0500 Revert "Generate aggregated MP javadocs"
1	33	pom.xml

[746a153] Scott M Stark 2018-07-19 13:17:22 -0700 Merge pull request #48 from eclipse/patch-not-micro
[38e639a] Kevin Sutter 2018-07-16 16:42:36 -0500 Change micro to patch release
1	1	spec/src/main/asciidoc/architecture.asciidoc

[91be4c0] Ondro Mihályi 2018-07-13 22:54:43 +0200 Merge pull request #47 from eclipse/aggregated-javadocs
[0ccb437] Ondrej Mihalyi 2018-07-12 21:34:58 +0200 Generate aggregated MP javadocs Signed-off-by:Ondrej Mihalyi <ondrej.mihalyi@payara.fish>
33	1	pom.xml

[ef24e2d] Eclipse Microprofile Bot 2018-07-11 13:16:57 -0400 [maven-release-plugin] prepare for next development iteration
2	2	pom.xml
1	1	spec/pom.xml

[684b8e0] Eclipse Microprofile Bot 2018-07-11 13:16:52 -0400 [maven-release-plugin] prepare release 2.0.1-RC2
2	2	pom.xml
1	1	spec/pom.xml

[b46e6fb] Eclipse Microprofile Bot 2018-07-11 12:33:21 -0400 [maven-release-plugin] prepare for next development iteration
2	2	pom.xml
1	1	spec/pom.xml

[1a78d7f] Eclipse Microprofile Bot 2018-07-11 12:33:15 -0400 [maven-release-plugin] prepare release 2.0.1-RC2
2	2	pom.xml
1	1	spec/pom.xml

[cc2b9a8] Kevin Sutter 2018-07-11 11:30:27 -0500 Merge pull request #42 from eclipse/addendum2PR40
[a7ed9b5] Kevin Sutter 2018-07-11 11:02:34 -0500 change 'latest' to 'seventh'
1	1	spec/src/main/asciidoc/architecture.asciidoc

[353030f] Kevin Sutter 2018-07-11 10:28:07 -0500 rework the architecture doc content to better represent the 2.0.1 release
27	9	spec/src/main/asciidoc/architecture.asciidoc
1	1	spec/src/main/asciidoc/required-apis.asciidoc

[3966323] Eclipse Microprofile Bot 2018-07-10 17:06:50 -0400 [maven-release-plugin] prepare for next development iteration
2	2	pom.xml
1	1	spec/pom.xml

[93ec630] Eclipse Microprofile Bot 2018-07-10 17:06:44 -0400 [maven-release-plugin] prepare release 2.0.1-RC1
2	2	pom.xml
1	1	spec/pom.xml

[ee86488] Kevin Sutter 2018-07-10 15:59:36 -0500 Merge pull request #40 from eclipse/update-pom-jsonb
[800b36b] Kevin Sutter 2018-07-09 14:13:48 -0500 couple more 2.0.1 references
2	2	spec/src/main/asciidoc/architecture.asciidoc
1	1	spec/src/main/asciidoc/required-apis.asciidoc

[6f46d24] Kevin Sutter 2018-07-09 14:07:46 -0500 updated version to 2.0.1-SNAPSHOT
1	1	pom.xml
1	1	spec/pom.xml

[4506d37] Kevin Sutter 2018-07-09 13:55:23 -0500 updated refs to 2.0.1
8	5	spec/src/main/asciidoc/architecture.asciidoc

[d4bdde4] Kevin Sutter 2018-07-09 13:33:43 -0500 Merge pull request #37 from Daniel-Dos/fix-json-b
[5887a31] daniel-dos 2018-07-04 00:18:59 -0300 fix reference for Json-b.
1	1	pom.xml
1	1	spec/src/main/asciidoc/required-apis.asciidoc

[67e272f] Eclipse Microprofile Bot 2018-06-29 12:40:03 -0400 [maven-release-plugin] prepare for next development iteration
2	2	pom.xml
1	1	spec/pom.xml

[a86f7cf] Eclipse Microprofile Bot 2018-06-29 12:39:57 -0400 [maven-release-plugin] prepare release 2.0
2	2	pom.xml
1	1	spec/pom.xml

[5519ac6] Kevin Sutter 2018-06-27 14:55:30 -0500 Merge pull request #36 from eclipse/update-tags
[0ba722a] Kevin Sutter 2018-06-27 10:53:20 -0500 Another minor update to be consistent with past releases of Fault Tolerance
1	1	spec/src/main/asciidoc/architecture.asciidoc
1	1	spec/src/main/asciidoc/required-apis.asciidoc

[79963d5] Kevin Sutter 2018-06-26 15:53:08 -0500 Updates due to release tag differences
2	2	spec/src/main/asciidoc/architecture.asciidoc
2	2	spec/src/main/asciidoc/required-apis.asciidoc

[5d7b02a] Eclipse Microprofile Bot 2018-06-05 16:04:46 -0400 [maven-release-plugin] prepare for next development iteration
2	2	pom.xml
1	1	spec/pom.xml

[c587bd7] Eclipse Microprofile Bot 2018-06-05 16:03:55 -0400 [maven-release-plugin] prepare release 2.0-RC1
2	2	pom.xml
1	1	spec/pom.xml

[0624a05] Kevin Sutter 2018-06-04 16:29:18 -0500 Merge pull request #30 from eclipse/2.0-prep
[f827db4] Kevin Sutter 2018-06-04 08:59:03 -0500 prep for 2.0 release
11	5	pom.xml
4	4	site.yaml
1	1	spec/pom.xml
22	104	spec/src/main/asciidoc/architecture.asciidoc
1	1	spec/src/main/asciidoc/license-alv2.asciidoc
1	1	spec/src/main/asciidoc/notices.asciidoc
33	21	spec/src/main/asciidoc/required-apis.asciidoc

[233573e] Kevin Sutter 2018-05-30 14:34:15 -0500 Merge pull request #29 from eclipse/copyright-etc
[9a8b908] Kevin Sutter 2018-05-30 14:27:31 -0500 typo on the gitter badge update
2	1	README.adoc

[11ccae1] Kevin Sutter 2018-05-30 14:24:03 -0500 gitter, copyright, cleanup
21	1	README.adoc
0	0	{microprofile-spec => attic/microprofile-spec}/README.adoc
20	0	faq.adoc
1	1	pom.xml
1	1	spec/pom.xml
1	1	spec/src/main/asciidoc/architecture.asciidoc
1	1	spec/src/main/asciidoc/microprofile-spec.asciidoc
1	1	spec/src/main/asciidoc/required-apis.asciidoc

[15679e4] Kevin Sutter 2018-05-30 14:07:23 -0500 Merge pull request #28 from eclipse/1.4-updates
[42d0dee] Kevin Sutter 2018-05-29 16:53:08 -0500 Initial updates for 1.4 release
10	7	README.adoc
5	5	pom.xml
26	0	spec/src/main/asciidoc/architecture.asciidoc
25	25	spec/src/main/asciidoc/required-apis.asciidoc

[c10b348] Kevin Sutter 2018-05-29 15:38:29 -0500 Merge pull request #27 from eclipse/reorg-content
[78f7ccb] Kevin Sutter 2018-05-29 07:55:39 -0500 forgot to add moved files...
19	0	.editorconfig
69	0	.gitattributes
15	0	.gitignore
239	0	pom.xml
15	0	spec/NOTICE
100	0	spec/pom.xml
124	0	spec/src/main/asciidoc/architecture.asciidoc
46	0	spec/src/main/asciidoc/license-alv2.asciidoc
47	0	spec/src/main/asciidoc/microprofile-spec.asciidoc
40	0	spec/src/main/asciidoc/notices.asciidoc
154	0	spec/src/main/asciidoc/required-apis.asciidoc
201	0	spec/src/main/resources/META-INF/LICENSE
15	0	spec/src/main/resources/META-INF/NOTICE

[168d2a6] Kevin Sutter 2018-05-29 07:47:58 -0500 reorganize spec content after move from -bom repo
4	4	README.adoc
0	19	microprofile-spec/.editorconfig
0	239	microprofile-spec/pom.xml
0	15	microprofile-spec/spec/NOTICE
0	100	microprofile-spec/spec/pom.xml
0	124	microprofile-spec/spec/src/main/asciidoc/architecture.asciidoc
0	46	microprofile-spec/spec/src/main/asciidoc/license-alv2.asciidoc
0	47	microprofile-spec/spec/src/main/asciidoc/microprofile-spec.asciidoc
0	40	microprofile-spec/spec/src/main/asciidoc/notices.asciidoc
0	154	microprofile-spec/spec/src/main/asciidoc/required-apis.asciidoc
0	201	microprofile-spec/spec/src/main/resources/META-INF/LICENSE
0	15	microprofile-spec/spec/src/main/resources/META-INF/NOTICE
4	4	site.yaml

[d49ae11] Kevin Sutter 2018-05-22 16:32:53 -0500 Merge pull request #25 from eclipse/copy-bom
[a18dbfe] Heiko W. Rupp 2018-05-04 11:55:48 +0200 Merge pull request #26 from pavolloffay/fix-ot-name
[bb87c8c] Pavol Loffay 2018-05-04 11:41:22 +0200 Fix OpenTracing name
1	1	README.adoc

[4572ff7] Kevin Sutter 2018-05-02 15:26:28 -0500 Merge pull request #24 from eclipse/move-to-attic
[fee4d91] Ondrej Mihalyi 2018-05-02 21:57:39 +0200 Finalize import from BOM repo Signed-off-by:Ondrej Mihalyi <ondrej.mihalyi@payara.fish>
0	0	xREADME.adoc => README.adoc

[5b869e0] Ondrej Mihalyi 2018-05-02 21:41:54 +0200 moved MP spec to subfolder Signed-off-by:Ondrej Mihalyi <ondrej.mihalyi@payara.fish>
19	0	microprofile-spec/.editorconfig
0	0	README.adoc => microprofile-spec/README.adoc
0	0	pom.xml => microprofile-spec/pom.xml
0	0	{spec => microprofile-spec/spec}/NOTICE
0	0	{spec => microprofile-spec/spec}/pom.xml
0	0	{spec => microprofile-spec/spec}/src/main/asciidoc/architecture.asciidoc
0	0	{spec => microprofile-spec/spec}/src/main/asciidoc/license-alv2.asciidoc
0	0	{spec => microprofile-spec/spec}/src/main/asciidoc/microprofile-spec.asciidoc
0	0	{spec => microprofile-spec/spec}/src/main/asciidoc/notices.asciidoc
0	0	{spec => microprofile-spec/spec}/src/main/asciidoc/required-apis.asciidoc
0	0	{spec => microprofile-spec/spec}/src/main/resources/META-INF/LICENSE
0	0	{spec => microprofile-spec/spec}/src/main/resources/META-INF/NOTICE
4	4	site.yaml

[fb4f208] Kevin Sutter 2018-01-17 11:28:02 -0600 Update asciidoctor plugin to generate versioned output files
6	11	spec/pom.xml

[b4f14b6] Kevin Sutter 2018-01-11 14:15:56 -0600 update spec pom.xml for proper html generation
5	0	spec/pom.xml

[4c7fa52] Kevin Sutter 2018-01-03 13:58:59 -0600 Add some line breaks in spec
6	0	spec/src/main/asciidoc/microprofile-spec.asciidoc

[94fa927] Kevin Sutter 2018-01-03 13:46:10 -0600 create site.yaml for microprofile.io site and update formatting of README
1	3	README.adoc
32	0	site.yaml

[846ce2a] Kevin Sutter 2018-01-03 13:31:37 -0600 update README to indicate 1.3 release
1	1	README.adoc

[db69fce] genie-microprofile 2018-01-03 12:40:00 -0500 [maven-release-plugin] prepare for next development iteration
2	2	pom.xml
1	1	spec/pom.xml

[f85dc35] genie-microprofile 2018-01-03 12:39:56 -0500 [maven-release-plugin] prepare release 1.3
2	2	pom.xml
1	1	spec/pom.xml

[88f44d6] genie-microprofile 2018-01-02 12:14:14 -0500 [maven-release-plugin] prepare for next development iteration
2	2	pom.xml
1	1	spec/pom.xml

[8840f37] genie-microprofile 2018-01-02 12:14:08 -0500 [maven-release-plugin] prepare release 1.3-RC3
2	2	pom.xml
1	1	spec/pom.xml

[6c60991] Steve Fontes 2018-01-02 11:38:57 -0500 Minor change keep alphabetical ordering
1	1	spec/src/main/asciidoc/required-apis.asciidoc

[b3e2a28] Steve Fontes 2018-01-02 11:00:52 -0500 Add opentracing to spec
1	1	spec/src/main/asciidoc/architecture.asciidoc
8	9	spec/src/main/asciidoc/required-apis.asciidoc

[b371ca8] Steve Fontes 2018-01-02 10:44:00 -0500 Add opentracing to bom
0	4	pom.xml

[6163581] genie-microprofile 2017-12-27 09:00:21 -0500 [maven-release-plugin] prepare for next development iteration
2	2	pom.xml
1	1	spec/pom.xml

[5757c72] genie-microprofile 2017-12-27 09:00:16 -0500 [maven-release-plugin] prepare release 1.3-RC2
2	2	pom.xml
1	1	spec/pom.xml

[8784388] Kevin Sutter 2017-12-22 07:25:25 -0600 update spec docs for config 1.2 release
0	1	pom.xml
1	1	spec/src/main/asciidoc/architecture.asciidoc
3	3	spec/src/main/asciidoc/required-apis.asciidoc

[fd95b30] Emily Jiang 2017-12-21 23:43:05 +0000 #57 add config 1.2
1	1	pom.xml

[073796f] genie-microprofile 2017-12-21 18:19:52 -0500 [maven-release-plugin] prepare for next development iteration
2	2	pom.xml
1	1	spec/pom.xml

[f994f41] genie-microprofile 2017-12-21 18:19:47 -0500 [maven-release-plugin] prepare release 1.3-test
2	2	pom.xml
1	1	spec/pom.xml

[e076f6b] genie-microprofile 2017-12-21 17:23:06 -0500 [maven-release-plugin] prepare for next development iteration
2	2	pom.xml
1	1	spec/pom.xml

[2646480] genie-microprofile 2017-12-21 17:23:00 -0500 [maven-release-plugin] prepare release 1.3-test
2	2	pom.xml
1	1	spec/pom.xml

[42232d7] genie-microprofile 2017-12-21 15:49:38 -0500 [maven-release-plugin] prepare for next development iteration
2	2	pom.xml
1	1	spec/pom.xml

[1b424c4] genie-microprofile 2017-12-21 15:49:34 -0500 [maven-release-plugin] prepare release 1.3-test
2	2	pom.xml
1	1	spec/pom.xml

[60c8daf] genie-microprofile 2017-12-21 15:27:36 -0500 [maven-release-plugin] prepare for next development iteration
2	2	pom.xml
1	1	spec/pom.xml

[8cfb0a3] genie-microprofile 2017-12-21 15:27:31 -0500 [maven-release-plugin] prepare release 1.3-test
2	2	pom.xml
1	1	spec/pom.xml

[ad04bd3] genie-microprofile 2017-12-21 15:11:37 -0500 [maven-release-plugin] prepare for next development iteration
2	2	pom.xml
1	1	spec/pom.xml

[5f11e79] genie-microprofile 2017-12-21 15:11:33 -0500 [maven-release-plugin] prepare release 1.3-test
2	2	pom.xml
1	1	spec/pom.xml

[24aafca] genie-microprofile 2017-12-21 11:59:12 -0500 [maven-release-plugin] prepare for next development iteration
2	2	pom.xml
1	1	spec/pom.xml

[28454d0] genie-microprofile 2017-12-21 11:59:07 -0500 [maven-release-plugin] prepare release 1.3-test
2	2	pom.xml
1	1	spec/pom.xml

[67c7651] Kevin Sutter 2017-12-21 10:55:20 -0600 another build failure revert...
2	2	pom.xml
1	1	spec/pom.xml

[1e64c98] genie-microprofile 2017-12-21 11:41:38 -0500 [maven-release-plugin] prepare release 1.3-test
2	2	pom.xml
1	1	spec/pom.xml

[8710646] genie-microprofile 2017-12-21 11:31:13 -0500 [maven-release-plugin] prepare for next development iteration
2	2	pom.xml
1	1	spec/pom.xml

[d522c80] genie-microprofile 2017-12-21 11:31:07 -0500 [maven-release-plugin] prepare release 1.3-test
2	2	pom.xml
1	1	spec/pom.xml

[4a4adfc] Kevin Sutter 2017-12-21 08:26:51 -0600 revert the 1.3-RC1 updates that were done via the Test Release build
2	2	pom.xml
1	1	spec/pom.xml

[edc828e] genie-microprofile 2017-12-21 09:03:23 -0500 [maven-release-plugin] prepare release 1.3-RC1
2	2	pom.xml
1	1	spec/pom.xml

[c3a774d] Kevin Sutter 2017-12-20 16:19:41 -0600 parameterize the spec build process
6	0	spec/pom.xml
1	4	spec/src/main/asciidoc/microprofile-spec.asciidoc

[2aa0744] genie-microprofile 2017-12-20 16:39:40 -0500 [maven-release-plugin] prepare for next development iteration
2	2	pom.xml
1	1	spec/pom.xml

[2db9130] genie-microprofile 2017-12-20 16:39:36 -0500 [maven-release-plugin] prepare release 1.3-RC1
2	2	pom.xml
1	1	spec/pom.xml

[690b368] genie-microprofile 2017-12-19 16:12:57 -0500 [maven-release-plugin] prepare for next development iteration
2	2	pom.xml
1	1	spec/pom.xml

[7101564] genie-microprofile 2017-12-19 16:12:53 -0500 [maven-release-plugin] prepare release microprofile-bom-1.3-RC1
2	2	pom.xml
1	1	spec/pom.xml

[343a506] Kevin Sutter 2017-12-19 14:29:03 -0600 release tag was not correct for Rest Client 1.0
1	1	spec/src/main/asciidoc/required-apis.asciidoc

[25e68ae] Kevin Sutter 2017-12-19 14:26:20 -0600 Update the architecture doc to include Rest Client 1.0 ref and link
1	1	spec/src/main/asciidoc/architecture.asciidoc

[292a371] Kevin Sutter 2017-12-19 14:15:13 -0600 PR #61 forgot a hyphen in rest-client-version tag
1	1	pom.xml

[48e0394] John D. Ament 2017-12-19 11:10:34 -0500 Updating spec text.
10	9	spec/src/main/asciidoc/required-apis.asciidoc

[0c780d3] John Ament 2017-12-19 11:05:41 -0500 Adding MP Rest Client (#52)
6	6	pom.xml

[8783abc] Kevin Sutter 2017-12-19 09:51:19 -0600 Change Open API to OpenAPI
1	1	spec/src/main/asciidoc/architecture.asciidoc
3	3	spec/src/main/asciidoc/required-apis.asciidoc

[04a915f] Kevin Sutter 2017-12-18 16:43:19 -0600 slight update to required-apis doc
3	3	spec/src/main/asciidoc/required-apis.asciidoc

[3416ac2] Kevin Sutter 2017-12-18 16:40:07 -0600 update specand pom
23	1	pom.xml
37	11	spec/src/main/asciidoc/architecture.asciidoc
2	2	spec/src/main/asciidoc/microprofile-spec.asciidoc
41	4	spec/src/main/asciidoc/required-apis.asciidoc

[5397f01] Heiko W. Rupp 2017-12-18 21:00:30 +0100 Bump the version of Metrics to 1.1
1	1	pom.xml
1	1	spec/src/main/asciidoc/architecture.asciidoc
2	2	spec/src/main/asciidoc/required-apis.asciidoc

[6172615] Kevin Sutter 2017-12-17 15:30:02 -0600 update pom.xml in prep for updated release process
10	11	pom.xml

[947aaf7] Kevin Sutter 2017-09-21 09:53:48 -0500 minor updates in prep for 1.3-snapshot
4	4	spec/src/main/asciidoc/microprofile-spec.asciidoc
19	14	spec/src/main/asciidoc/required-apis.asciidoc

[d3b256e] dblevins 2017-09-20 20:54:34 -0700 Note on Config JSR
5	0	spec/src/main/asciidoc/required-apis.asciidoc

[3fd09e0] Kevin Sutter 2017-09-20 21:25:24 -0500 [maven-release-plugin] prepare for next development iteration
2	2	pom.xml
1	1	spec/pom.xml

[3158ce1] Kevin Sutter 2017-09-20 21:25:24 -0500 [maven-release-plugin] prepare release 1.2
2	2	pom.xml
1	1	spec/pom.xml

[f12180c] Don Bourne 2017-09-19 14:55:45 -0400 Fix name in references to metrics.
1	1	spec/src/main/asciidoc/architecture.asciidoc
3	3	spec/src/main/asciidoc/required-apis.asciidoc

[8e3282e] Kevin Sutter 2017-09-19 08:46:42 -0500 Updating spec version to 1.2 and revision to Final
3	3	spec/src/main/asciidoc/microprofile-spec.asciidoc

[2c35581] Kevin Sutter 2017-09-19 08:42:51 -0500 Nit update to use e.g. instead of i.e.
1	1	spec/src/main/asciidoc/required-apis.asciidoc

[e4dfaaf] Kevin Sutter 2017-09-18 15:18:09 -0500 oops, almost reverted Ondro's change for jwt dependency...
1	1	pom.xml

[f0ceff5] Kevin Sutter 2017-09-18 15:14:32 -0500 Add Annotations to spec and modify errant comment in pom.xml
2	2	pom.xml
9	1	spec/src/main/asciidoc/required-apis.asciidoc

[206acfb] Ondrej Mihalyi 2017-09-18 19:35:16 +0200 Fix of JWT maven groupId Signed-off-by:Ondrej Mihalyi <ondrej.mihalyi@gmail.com>
1	1	pom.xml

[4c1ae51] Kevin Sutter 2017-09-18 08:54:30 -0500 modify pom for release process
6	3	pom.xml

[6480ac1] Scott Stark 2017-09-15 07:21:29 -0700 Update health to 1.0
1	1	pom.xml

[0e335d8] Scott Stark 2017-09-14 16:43:15 -0700 Update metrics to 1.0
1	1	pom.xml

[d8a4cd1] Emily Jiang 2017-09-14 23:53:36 +0100 add FT to MP 1.2
1	1	pom.xml

[359cf24] Scott Stark 2017-09-14 15:38:15 -0700 Add MP-JWT 1.0 to the bom
1	1	pom.xml

[ef93ebc] Ondrej Mihalyi 2017-09-14 14:46:56 +0200 Add gitter badge Signed-off-by:Ondrej Mihalyi <ondrej.mihalyi@gmail.com>
2	0	README.adoc

[c1c020d] John D. Ament 2017-09-09 08:35:47 -0400 Upgrading to the final release of MP Config 1.1
1	1	pom.xml

[7b484e1] Kevin Sutter 2017-09-05 17:11:35 -0500 change to 2 digit version
1	1	pom.xml
1	1	spec/pom.xml

[185fca3] Kevin Sutter 2017-09-05 16:05:18 -0500 minor updates to 'bom' removal
4	4	spec/pom.xml

[1d3c54b] Kevin Sutter 2017-09-05 15:53:57 -0500 Initial cut at 1.2 updates
1	1	README.adoc
36	1	pom.xml
27	0	spec/src/main/asciidoc/architecture.asciidoc
4	4	spec/src/main/asciidoc/microprofile-spec.asciidoc
43	9	spec/src/main/asciidoc/required-apis.asciidoc

[0013dde] Ondrej Mihalyi 2017-08-28 17:09:09 +0200 Fixed script for maven central deploy Autorelease in Maven Central is false by default now so that we may properly review artifacts. Signed-off-by:Ondrej Mihalyi <ondrej.mihalyi@gmail.com>
2	1	pom.xml

[9e77173] Kevin Sutter 2017-08-25 09:44:54 -0500 [maven-release-plugin] prepare for next development iteration
2	2	pom.xml
1	1	spec/pom.xml

[4fa7e57] Kevin Sutter 2017-08-25 09:44:50 -0500 [maven-release-plugin] prepare release 1.1.0
2	2	pom.xml
2	3	spec/pom.xml

[1e1c9c6] Kevin Sutter 2017-08-25 09:39:20 -0500 repo updates in pom.xml
9	6	pom.xml

[be4bfba] Kevin Sutter 2017-08-25 09:35:41 -0500 Revert "test"
0	22	release.properties

[8d2e0b5] Kevin Sutter 2017-08-25 08:39:45 -0500 more pom.xml cleanup
2	2	pom.xml

[c71fa2e] Kevin Sutter 2017-08-25 07:54:18 -0500 test
22	0	release.properties

[d9cbe95] Kevin Sutter 2017-08-24 11:45:08 -0500 modify pom to support scripts
1	1	pom.xml

[53f1e57] Kevin Sutter 2017-08-24 10:44:55 -0500 update spec to final with correct date (Issue #19)
3	3	spec/src/main/asciidoc/microprofile-spec.asciidoc

[13e0d31] dblevins 2017-08-07 18:18:56 -0700 Rename to remove "bom" from the spec name
1	1	spec/pom.xml
0	0	spec/src/main/asciidoc/{microprofile-bom-spec.asciidoc => microprofile-spec.asciidoc}

[e69f414] dblevins 2017-08-07 18:15:22 -0700 Fix disclaimers and typos
1	1	spec/src/main/asciidoc/architecture.asciidoc
5	4	spec/src/main/asciidoc/required-apis.asciidoc

[ab37903] dblevins 2017-08-07 18:08:08 -0700 Change title to "Eclipse MicroProfile 1.1", add section numbering update authors, versions and date
8	9	spec/src/main/asciidoc/microprofile-bom-spec.asciidoc

[fff74a1] dblevins 2017-08-07 17:46:36 -0700 Add notices section with Compatibility Disclaimer, Contribution and Feedback subsections
40	0	spec/src/main/asciidoc/notices.asciidoc

[29e3a15] dblevins 2017-08-07 17:43:10 -0700 Section on Required APIs
64	0	spec/src/main/asciidoc/required-apis.asciidoc

[a61bb14] Ondrej Mihalyi 2017-08-04 19:58:00 +0200 Changed artifact name simply to microprofile Instead of microprofile-bom Signed-off-by:Ondrej Mihalyi <ondrej.mihalyi@gmail.com>
2	1	NOTICE
12	7	README.adoc
1	1	pom.xml
1	1	spec/pom.xml

[273d8df] Kevin Sutter 2017-08-04 09:10:08 -0500 Changes to bom for 1.1.0 release
7	10	README.adoc
3	3	pom.xml
1	1	spec/pom.xml

[83b52c5] Scott Stark 2017-08-03 11:07:23 -0700 Clarify current usage, issue #11
15	7	README.adoc

[4f6fbb6] Ondrej Mihalyi 2017-08-03 15:17:46 +0200 Reverting  - more discussion needed. See issue #10. Should be raised asa pull request
23	25	pom.xml

[cb93782] Scott M Stark 2017-08-03 05:39:28 -0700 https://github.com/eclipse/microprofile-bom/issues/9 We should change the style of the BOM (#10)
25	23	pom.xml

[1b6f67a] Kevin Sutter 2017-06-19 10:52:38 -0500 Get spec in sync with pom
1	1	spec/src/main/asciidoc/architecture.asciidoc

[183bffe] Kevin Sutter 2017-06-19 10:48:40 -0500 update README to match pom
1	1	README.adoc

[f1f259e] Kevin Sutter 2017-06-18 15:31:30 -0500 created spec doc
5	1	pom.xml
15	0	spec/NOTICE
95	0	spec/pom.xml
71	0	spec/src/main/asciidoc/architecture.asciidoc
46	0	spec/src/main/asciidoc/license-alv2.asciidoc
45	0	spec/src/main/asciidoc/microprofile-bom-spec.asciidoc
201	0	spec/src/main/resources/META-INF/LICENSE
15	0	spec/src/main/resources/META-INF/NOTICE

[9a9bafa] Kevin Sutter 2017-06-14 11:44:23 -0500 update README to indicate SNAPSHOT (for now...)
1	1	README.adoc

[fc96b6a] Kevin Sutter 2017-06-14 11:25:44 -0500 update dependent Config version to 1.0-SNAPSHOT
1	1	pom.xml

[35e953b] Kevin Sutter 2017-06-13 15:08:08 -0500 Initial drop of README, NOTICE, CONTRIBUTING, and pom.xml
21	0	CONTRIBUTING.adoc
15	0	NOTICE
38	0	README.adoc
177	0	pom.xml

[cc004c7] Ondrej Mihalyi 2018-05-02 21:43:53 +0200 Prepare for import from bom repo Signed-off-by:Ondrej Mihalyi <ondrej.mihalyi@payara.fish>
0	201	LICENSE
0	0	README.adoc => xREADME.adoc

[6954a15] Ondrej Mihalyi 2018-05-02 21:14:32 +0200 Link to the wiki Signed-off-by:Ondrej Mihalyi <ondrej.mihalyi@payara.fish>
4	0	README.adoc

[c700d36] Kevin Sutter 2018-05-01 16:30:19 -0500 forgot the attic directory
18	0	attic/.gitignore
16	0	attic/Processes/eclipse.adoc
7	0	attic/Processes/evolution.adoc
35	0	attic/Resources/articles.adoc
10	0	attic/Resources/presentations.adoc
16	0	attic/SUMMARY.adoc
3	0	attic/book.json
29	0	attic/build-tools/maven-build-extension/pom.xml
52	0	attic/build-tools/maven-build-extension/src/main/resources/META-INF/plexus/components.xml
108	0	attic/build-tools/maven-build-plugin/pom.xml
55	0	attic/build-tools/maven-build-plugin/src/it/settings.xml
34	0	attic/build-tools/maven-build-plugin/src/it/simple-it/pom.xml
3	0	attic/build-tools/maven-build-plugin/src/it/simple-it/verify.groovy
42	0	attic/build-tools/maven-build-plugin/src/main/java/org/eclipse/microprofile/maven/pdf/PdfArtifactMojo.java
66	0	attic/proposals/readme.adoc

[67f1c24] Kevin Sutter 2018-05-01 16:29:20 -0500 Move current content to attic directory structure
0	18	.gitignore
0	16	Processes/eclipse.adoc
0	7	Processes/evolution.adoc
17	11	README.adoc
0	35	Resources/articles.adoc
0	10	Resources/presentations.adoc
0	16	SUMMARY.adoc
0	3	book.json
0	29	build-tools/maven-build-extension/pom.xml
0	52	build-tools/maven-build-extension/src/main/resources/META-INF/plexus/components.xml
0	108	build-tools/maven-build-plugin/pom.xml
0	55	build-tools/maven-build-plugin/src/it/settings.xml
0	34	build-tools/maven-build-plugin/src/it/simple-it/pom.xml
0	3	build-tools/maven-build-plugin/src/it/simple-it/verify.groovy
0	42	build-tools/maven-build-plugin/src/main/java/org/eclipse/microprofile/maven/pdf/PdfArtifactMojo.java
7	5	faq.adoc
0	66	proposals/readme.adoc

[012ac58] Ondrej Mihályi 2017-09-18 16:58:51 +0200 Merge pull request #23 from eclipse/ondrejm-maven-tools
[0deda9d] Ondrej Mihalyi 2017-09-18 13:32:55 +0200 New maven build plugin and extension. Tools for building MP maven artifacts, to be used internally. Signed-off-by:Ondrej Mihalyi <ondrej.mihalyi@gmail.com>
3	1	.gitignore
29	0	build-tools/maven-build-extension/pom.xml
52	0	build-tools/maven-build-extension/src/main/resources/META-INF/plexus/components.xml
108	0	build-tools/maven-build-plugin/pom.xml
55	0	build-tools/maven-build-plugin/src/it/settings.xml
34	0	build-tools/maven-build-plugin/src/it/simple-it/pom.xml
3	0	build-tools/maven-build-plugin/src/it/simple-it/verify.groovy
42	0	build-tools/maven-build-plugin/src/main/java/org/eclipse/microprofile/maven/pdf/PdfArtifactMojo.java

[6e497a5] Mike Croft 2017-07-31 15:31:01 +0100 fixed link to article
1	1	Resources/articles.adoc

[d0b3358] Mike Croft 2017-05-16 10:48:37 +0100 Merge pull request #19 from mikecroft/config-impls
[6cce726] Ondrej Mihályi 2017-04-30 00:08:55 +0200 Fault tolerance has now been merged, remove pending approval label
[7872a4f] Mike Croft 2017-04-26 09:50:28 +0100 Fault tolerance has now been merged
0	1	proposals/readme.adoc

[bf57809] Mike Croft 2017-04-24 11:44:35 +0100 included some links to early Config API implementations
13	0	proposals/readme.adoc

[0a0182e] Ondrej Mihályi 2017-04-07 14:39:13 +0200 added MP-0005 JWT proposal links
[f44f8d6] Mike Croft 2017-03-30 13:47:16 +0100 added MP-0005 JWT proposal links
14	1	proposals/readme.adoc

[be2df4b] Ondrej Mihályi 2017-04-07 03:31:32 +0200 Added link to repos under MP org
[b12a37c] Ondrej Mihalyi 2017-04-07 03:28:26 +0200 Added link to repos under MP org
6	0	README.adoc

[e6cefb5] Ondrej Mihályi 2017-03-02 10:31:24 +0100 Added links to external resources
[7fd3ef0] Ondrej Mihályi 2017-02-25 13:18:47 +0100 Added more links to articles
16	0	Resources/articles.adoc

[1090f9a] Ondrej Mihályi 2017-02-25 13:06:43 +0100 Reordered sections - more important at the top.
13	13	Resources/articles.adoc

[7dd4bc5] Ondrej Mihályi 2017-02-25 12:55:55 +0100 Added links to resource documents into Summary
3	1	SUMMARY.adoc

[98ea944] Ondrej Mihályi 2017-02-15 10:36:31 +0100 Links to presentations
10	0	Resources/presentations.adoc

[9fb9adc] Ondrej Mihályi 2017-02-15 10:22:03 +0100 Links to MP related articles
3	0	Resources/articles.adoc

[5173b4b] Ondrej Mihályi 2017-02-15 10:15:27 +0100 Links to MP related articles
16	0	Resources/articles.adoc

[e5624d6] kwsutter 2017-02-23 10:29:21 -0600 Merge pull request #5 from mikecroft/master
[7e6f0b8] Mike Croft 2017-02-23 16:09:35 +0000 missing Ts added
2	2	faq.adoc

[24ca6f3] Mike Croft 2017-02-22 16:44:34 +0000 some updates to the FAQ about Eclipse
5	0	Processes/eclipse.adoc

[de15552] Mike Croft 2017-02-22 16:36:51 +0000 updated proposals
37	3	proposals/readme.adoc

[e36ad4b] Mike Croft 2017-02-23 15:41:17 +0000 Merge pull request #8 from eclipse/issue-4
[18d4a04] Kevin Sutter 2017-02-22 16:04:19 -0600 Changes to README, faq, etc to be consistent with current Eclipse MicroProfile project
9	8	Processes/eclipse.adoc
1	1	Processes/evolution.adoc
25	32	README.adoc
15	15	faq.adoc

[31c6bac] Mike Croft 2016-12-21 11:52:38 +0000 Merge branch 'master' of github.com:mikecroft/microprofile-documentation
[00ea5de] Mike Croft 2016-12-21 11:52:27 +0000 Added license from Martijn's official commit and edited copyright owner to be Eclipse MicroProfile
201	0	LICENSE

[97979e9] Mike 2016-12-08 13:02:16 +0000 Update README.adoc
0	1	README.adoc

[e6f7f76] Mike 2016-12-07 13:33:00 +0000 Update README.adoc
2	0	README.adoc

[109e85a] Mike 2016-12-07 13:31:14 +0000 Update book.json
1	1	book.json

[fee0cdd] Mike 2016-12-07 13:27:53 +0000 Update proposals/readme.adoc
5	0	proposals/readme.adoc

[1856a99] Mike 2016-12-07 13:22:56 +0000 Update SUMMARY.adoc
0	1	SUMMARY.adoc

[e2a40d3] Mike 2016-12-07 13:22:55 +0000 Delete proposals/config.adoc
0	2	proposals/config.adoc

[68f0522] Mike 2016-12-07 13:22:49 +0000 Update SUMMARY.adoc
2	3	SUMMARY.adoc

[8d4d6cb] Mike 2016-12-07 13:22:48 +0000 Create proposals/readme.adoc
2	0	proposals/readme.adoc

[1e09f9f] Mike 2016-12-07 13:20:55 +0000 Create proposals/config.adoc
2	0	proposals/config.adoc

[9d7952f] Mike 2016-12-07 13:20:32 +0000 Update SUMMARY.adoc
0	2	SUMMARY.adoc

[47e2ed9] Mike 2016-12-07 13:19:34 +0000 Update Processes/evolution.adoc
5	0	Processes/evolution.adoc

[e1cdfc9] Mike 2016-12-07 13:01:14 +0000 Create Processes/evolution.adoc
2	0	Processes/evolution.adoc

[8c6c900] Mike 2016-12-07 13:01:08 +0000 Update Processes/eclipse.adoc
8	0	Processes/eclipse.adoc

[e87b430] Mike 2016-12-07 12:35:37 +0000 Create Processes/eclipse.adoc
2	0	Processes/eclipse.adoc

[dc1c52b] Mike 2016-12-07 12:01:25 +0000 Update SUMMARY.adoc
1	1	SUMMARY.adoc

[7af60e0] Mike 2016-12-07 12:00:18 +0000 Update faq.adoc
43	1	faq.adoc

[821ab9e] Mike 2016-12-07 11:32:51 +0000 Create faq.adoc
2	0	faq.adoc

[4f088a4] Mike 2016-12-07 11:32:31 +0000 Update SUMMARY.adoc
17	3	SUMMARY.adoc

[813b490] Mike 2016-12-07 11:05:17 +0000 Delete first-question.md
0	1	first-question.md

[399a1d6] Mike 2016-12-07 11:05:13 +0000 Delete second-question.md
0	1	second-question.md

[f452303] Mike 2016-12-07 11:04:31 +0000 Update README.adoc
40	1	README.adoc

[879e4f1] Mike 2016-12-07 10:59:02 +0000 Move file README.md to README.adoc
0	0	README.md => README.adoc

[4a935c7] Mike 2016-12-07 10:58:44 +0000 Move file SUMMARY.md to SUMMARY.adoc
0	0	SUMMARY.md => SUMMARY.adoc

[5ebe9c4] Ghost 2016-08-22 14:10:31 +0200 Initial commit
16	0	.gitignore
1	0	README.md
4	0	SUMMARY.md
3	0	book.json
1	0	first-question.md
1	0	second-question.md
